<?xml version="1.0" encoding="UTF-8"?>
<!-- Generated by org.testng.reporters.JUnitXMLReporter -->
<testsuite ignored="1" hostname="PiyushJ-LAP" failures="0" tests="1" name="Default test" time="24.322" errors="0" timestamp="2023-09-14T19:14:37 IST">
  <testcase classname="com.amajon.testcases.AmazonTest1" name="testCase2" time="20.897"/>
  <testcase classname="com.amajon.testcases.AmazonTest1" name="testCase1" time="0.0">
    <ignored/>
  </testcase> <!-- testCase1 -->
</testsuite> <!-- Default test -->
