<?xml version="1.0" encoding="UTF-8"?>
<testng-results ignored="1" total="2" passed="1" failed="0" skipped="0">
  <reporter-output>
  </reporter-output>
  <suite started-at="2023-09-14T19:14:12 IST" name="Default suite" finished-at="2023-09-14T19:14:37 IST" duration-ms="24322">
    <groups>
    </groups>
    <test started-at="2023-09-14T19:14:12 IST" name="Default test" finished-at="2023-09-14T19:14:37 IST" duration-ms="24322">
      <class name="com.amajon.testcases.AmazonTest1">
        <test-method is-config="true" signature="setup()[pri:0, instance:com.amajon.testcases.AmazonTest1@6069db50]" started-at="2023-09-14T19:14:12 IST" name="setup" finished-at="2023-09-14T19:14:16 IST" duration-ms="3389" status="PASS">
          <reporter-output>
          </reporter-output>
        </test-method> <!-- setup -->
        <test-method signature="testCase2()[pri:0, instance:com.amajon.testcases.AmazonTest1@6069db50]" started-at="2023-09-14T19:14:16 IST" name="testCase2" finished-at="2023-09-14T19:14:37 IST" duration-ms="20897" status="PASS">
          <reporter-output>
          </reporter-output>
        </test-method> <!-- testCase2 -->
      </class> <!-- com.amajon.testcases.AmazonTest1 -->
    </test> <!-- Default test -->
  </suite> <!-- Default suite -->
</testng-results>
